<?xml version="1.0" encoding="UTF-8"?>
<!-- Generated by org.testng.reporters.JUnitReportReporter -->
<testsuite skipped="0" hostname="Mds-MBP-3" name="allTests.HomepageTest" tests="2" failures="0" timestamp="2020-03-06T20:27:57 EST" time="4.822" errors="0">
  <testcase name="HomereferenceValidation" time="3.952" classname="allTests.HomepageTest"/>
  <system-out/>
  <testcase name="validateTitle3" time="0.870" classname="allTests.HomepageTest"/>
  <system-out/>
</testsuite> <!-- allTests.HomepageTest -->
